c:\users\fengqiangguo\desktop\qtwidgetsapplication\qtwidgetsapplication\x64\debug\qrc_qtwidgetsapplication.obj
c:\users\fengqiangguo\desktop\qtwidgetsapplication\qtwidgetsapplication\x64\debug\moc_qtwidgetsapplication.obj
c:\users\fengqiangguo\desktop\qtwidgetsapplication\qtwidgetsapplication\x64\debug\moc_qdragtreewidget.obj
c:\users\fengqiangguo\desktop\qtwidgetsapplication\qtwidgetsapplication\x64\debug\qdragtreewidget.obj
c:\users\fengqiangguo\desktop\qtwidgetsapplication\qtwidgetsapplication\x64\debug\main.obj
c:\users\fengqiangguo\desktop\qtwidgetsapplication\qtwidgetsapplication\x64\debug\qtwidgetsapplication.obj
c:\users\fengqiangguo\desktop\qtwidgetsapplication\qtwidgetsapplication\x64\debug\vc141.pdb
c:\users\fengqiangguo\desktop\qtwidgetsapplication\x64\debug\qtwidgetsapplication.exe
c:\users\fengqiangguo\desktop\qtwidgetsapplication\x64\debug\qtwidgetsapplication.ilk
c:\users\fengqiangguo\desktop\qtwidgetsapplication\x64\debug\qtwidgetsapplication.pdb
c:\users\fengqiangguo\desktop\qt拖拽\qtwidgetsapplication\qtwidgetsapplication\x64\debug\moc\moc_qtwidgetsapplication.cpp
c:\users\fengqiangguo\desktop\qt拖拽\qtwidgetsapplication\qtwidgetsapplication\x64\debug\moc\moc_qdragtreewidget.cpp
c:\users\fengqiangguo\desktop\qtwidgetsapplication\qtwidgetsapplication\x64\debug\uic\ui_qtwidgetsapplication.h
c:\users\fengqiangguo\desktop\qtwidgetsapplication\qtwidgetsapplication\x64\debug\rcc\qrc_qtwidgetsapplication.cpp
c:\users\fengqiangguo\desktop\qtwidgetsapplication\qtwidgetsapplication\x64\debug\moc\moc_qtwidgetsapplication.cpp
c:\users\fengqiangguo\desktop\qtwidgetsapplication\qtwidgetsapplication\x64\debug\moc\moc_qdragtreewidget.cpp
c:\users\fengqiangguo\desktop\qt拖拽\qtwidgetsapplication\qtwidgetsapplication\x64\debug\uic\ui_qtwidgetsapplication.h
c:\users\fengqiangguo\desktop\qt拖拽\qtwidgetsapplication\qtwidgetsapplication\x64\debug\rcc\qrc_qtwidgetsapplication.cpp
c:\users\fengqiangguo\desktop\qt拖拽\qtwidgetsapplication\qtwidgetsapplication\x64\debug\main.obj
c:\users\fengqiangguo\desktop\qt拖拽\qtwidgetsapplication\qtwidgetsapplication\x64\debug\moc_qdragtreewidget.obj
c:\users\fengqiangguo\desktop\qt拖拽\qtwidgetsapplication\qtwidgetsapplication\x64\debug\moc_qtwidgetsapplication.obj
c:\users\fengqiangguo\desktop\qt拖拽\qtwidgetsapplication\qtwidgetsapplication\x64\debug\qdragtreewidget.obj
c:\users\fengqiangguo\desktop\qt拖拽\qtwidgetsapplication\qtwidgetsapplication\x64\debug\qrc_qtwidgetsapplication.obj
c:\users\fengqiangguo\desktop\qt拖拽\qtwidgetsapplication\qtwidgetsapplication\x64\debug\qtwidgetsapplication.obj
c:\users\fengqiangguo\desktop\qt拖拽\qtwidgetsapplication\qtwidgetsapplication\x64\debug\vc141.pdb
c:\users\fengqiangguo\desktop\qt拖拽\qtwidgetsapplication\x64\debug\qtwidgetsapplication.pdb
c:\users\fengqiangguo\desktop\qt拖拽\qtwidgetsapplication\x64\debug\qtwidgetsapplication.exe
c:\users\fengqiangguo\desktop\qt拖拽\qtwidgetsapplication\x64\debug\qtwidgetsapplication.ilk
c:\users\fengqiangguo\desktop\qt拖拽\qtwidgetsapplication\qtwidgetsapplication\x64\debug\qtwidget.eff306f9.tlog\cl.command.1.tlog
c:\users\fengqiangguo\desktop\qt拖拽\qtwidgetsapplication\qtwidgetsapplication\x64\debug\qtwidget.eff306f9.tlog\cl.read.1.tlog
c:\users\fengqiangguo\desktop\qt拖拽\qtwidgetsapplication\qtwidgetsapplication\x64\debug\qtwidget.eff306f9.tlog\cl.write.1.tlog
c:\users\fengqiangguo\desktop\qt拖拽\qtwidgetsapplication\qtwidgetsapplication\x64\debug\qtwidget.eff306f9.tlog\link.command.1.tlog
c:\users\fengqiangguo\desktop\qt拖拽\qtwidgetsapplication\qtwidgetsapplication\x64\debug\qtwidget.eff306f9.tlog\link.read.1.tlog
c:\users\fengqiangguo\desktop\qt拖拽\qtwidgetsapplication\qtwidgetsapplication\x64\debug\qtwidget.eff306f9.tlog\link.write.1.tlog
c:\users\fengqiangguo\desktop\qt拖拽\qtwidgetsapplication\qtwidgetsapplication\x64\debug\qtwidget.eff306f9.tlog\moc.read.1u.tlog
c:\users\fengqiangguo\desktop\qt拖拽\qtwidgetsapplication\qtwidgetsapplication\x64\debug\qtwidget.eff306f9.tlog\moc.write.1u.tlog
c:\users\fengqiangguo\desktop\qt拖拽\qtwidgetsapplication\qtwidgetsapplication\x64\debug\qtwidget.eff306f9.tlog\qtwidgetsapplication.write.1u.tlog
c:\users\fengqiangguo\desktop\qt拖拽\qtwidgetsapplication\qtwidgetsapplication\x64\debug\qtwidget.eff306f9.tlog\rcc.read.1u.tlog
c:\users\fengqiangguo\desktop\qt拖拽\qtwidgetsapplication\qtwidgetsapplication\x64\debug\qtwidget.eff306f9.tlog\rcc.write.1u.tlog
c:\users\fengqiangguo\desktop\qt拖拽\qtwidgetsapplication\qtwidgetsapplication\x64\debug\qtwidget.eff306f9.tlog\uic.read.1u.tlog
c:\users\fengqiangguo\desktop\qt拖拽\qtwidgetsapplication\qtwidgetsapplication\x64\debug\qtwidget.eff306f9.tlog\uic.write.1u.tlog
